[0.040s] Invoking command in '/home/atul/arduinobot_ws/build/arduinobot_description': /usr/bin/cmake --build /home/atul/arduinobot_ws/build/arduinobot_description -- -j12 -l12
[0.097s] -- Found ament_cmake: 1.3.9 (/opt/ros/humble/share/ament_cmake/cmake)
[0.389s] Traceback (most recent call last):
[0.389s]   File "/opt/ros/humble/share/ament_cmake_core/cmake/package_templates/templates_2_cmake.py", line 21, in <module>
[0.390s]     from ament_package.templates import get_environment_hook_template_path
[0.390s] ModuleNotFoundError: No module named 'ament_package'
[0.411s] [31mCMake Error at /opt/ros/humble/share/ament_cmake_core/cmake/ament_cmake_package_templates-extras.cmake:41 (message):
[0.412s]   execute_process(/usr/bin/python3
[0.412s]   /opt/ros/humble/share/ament_cmake_core/cmake/package_templates/templates_2_cmake.py
[0.412s]   /home/atul/arduinobot_ws/build/arduinobot_description/ament_cmake_package_templates/templates.cmake)
[0.413s]   returned error code 1
[0.414s] Call Stack (most recent call first):
[0.416s]   /opt/ros/humble/share/ament_cmake_core/cmake/ament_cmake_coreConfig.cmake:41 (include)
[0.417s]   /opt/ros/humble/share/ament_cmake/cmake/ament_cmake_export_dependencies-extras.cmake:15 (find_package)
[0.417s]   /opt/ros/humble/share/ament_cmake/cmake/ament_cmakeConfig.cmake:41 (include)
[0.418s]   CMakeLists.txt:9 (find_package)
[0.419s] 
[0.421s] [0m
[0.421s] -- Configuring incomplete, errors occurred!
[0.422s] See also "/home/atul/arduinobot_ws/build/arduinobot_description/CMakeFiles/CMakeOutput.log".
[0.423s] gmake: *** [Makefile:226: cmake_check_build_system] Error 1
[0.426s] Invoked command in '/home/atul/arduinobot_ws/build/arduinobot_description' returned '2': /usr/bin/cmake --build /home/atul/arduinobot_ws/build/arduinobot_description -- -j12 -l12
