[0.058s] Invoking command in '/home/atul/arduinobot_ws/build/arduinobot_messages': CMAKE_PREFIX_PATH=${CMAKE_PREFIX_PATH}:/home/atul/arduinobot_ws/install/arduinobot_py_examples:/opt/ros/humble WSLENV=ELECTRON_RUN_AS_NODE/w: /usr/bin/cmake --build /home/atul/arduinobot_ws/build/arduinobot_messages -- -j12 -l12
[0.502s] -- Found ament_cmake: 1.3.9 (/opt/ros/humble/share/ament_cmake/cmake)
[0.504s] -- Found ament_lint_auto: 0.12.11 (/opt/ros/humble/share/ament_lint_auto/cmake)
[0.505s] -- Found std_msgs: 4.2.3 (/opt/ros/humble/share/std_msgs/cmake)
[1.033s] -- Found rosidl_generator_c: 3.1.5 (/opt/ros/humble/share/rosidl_generator_c/cmake)
[1.049s] -- Found rosidl_adapter: 3.1.5 (/opt/ros/humble/share/rosidl_adapter/cmake)
[1.074s] -- Found rosidl_generator_cpp: 3.1.5 (/opt/ros/humble/share/rosidl_generator_cpp/cmake)
[1.123s] -- Using all available rosidl_typesupport_c: rosidl_typesupport_fastrtps_c;rosidl_typesupport_introspection_c
[1.173s] -- Using all available rosidl_typesupport_cpp: rosidl_typesupport_fastrtps_cpp;rosidl_typesupport_introspection_cpp
[1.296s] -- Found rosidl_default_generators: 1.2.0 (/opt/ros/humble/share/rosidl_default_generators/cmake)
[1.662s] [31mCMake Error at /opt/ros/humble/share/rosidl_adapter/cmake/rosidl_adapt_interfaces.cmake:59 (message):
[1.663s]   execute_process(/usr/bin/python3 -m rosidl_adapter --package-name
[1.663s]   arduinobot_messages --arguments-file
[1.663s]   /home/atul/arduinobot_ws/build/arduinobot_messages/rosidl_adapter__arguments__arduinobot_messages.json
[1.663s]   --output-dir
[1.663s]   /home/atul/arduinobot_ws/build/arduinobot_messages/rosidl_adapter/arduinobot_messages
[1.663s]   --output-file
[1.663s]   /home/atul/arduinobot_ws/build/arduinobot_messages/rosidl_adapter/arduinobot_messages.idls)
[1.663s]   returned error code 1:
[1.664s] 
[1.664s]   Traceback (most recent call last):
[1.664s] 
[1.664s]     File "/usr/lib/python3.10/runpy.py", line 196, in _run_module_as_main
[1.664s]       return _run_code(code, main_globals, None,
[1.664s]     File "/usr/lib/python3.10/runpy.py", line 86, in _run_code
[1.664s]       exec(code, run_globals)
[1.664s]     File "/opt/ros/humble/local/lib/python3.10/dist-packages/rosidl_adapter/__main__.py", line 19, in <module>
[1.664s]       sys.exit(main())
[1.664s]     File "/opt/ros/humble/local/lib/python3.10/dist-packages/rosidl_adapter/main.py", line 53, in main
[1.664s]       abs_idl_file = convert_to_idl(
[1.664s]     File "/opt/ros/humble/local/lib/python3.10/dist-packages/rosidl_adapter/__init__.py", line 24, in convert_to_idl
[1.664s]       return convert_srv_to_idl(
[1.664s]     File "/opt/ros/humble/local/lib/python3.10/dist-packages/rosidl_adapter/srv/__init__.py", line 28, in convert_srv_to_idl
[1.664s]       srv = parse_service_string(package_name, input_file.stem, content)
[1.664s]     File "/opt/ros/humble/local/lib/python3.10/dist-packages/rosidl_adapter/parser.py", line 850, in parse_service_string
[1.665s]       raise InvalidServiceSpecification(
[1.665s] 
[1.665s]   rosidl_adapter.parser.InvalidServiceSpecification: Could not find separator
[1.665s]   '---' between request and response
[1.665s] 
[1.665s] Call Stack (most recent call first):
[1.665s]   /opt/ros/humble/share/rosidl_cmake/cmake/rosidl_generate_interfaces.cmake:130 (rosidl_adapt_interfaces)
[1.665s]   CMakeLists.txt:20 (rosidl_generate_interfaces)
[1.665s] 
[1.665s] [0m
[1.665s] -- Configuring incomplete, errors occurred!
[1.665s] See also "/home/atul/arduinobot_ws/build/arduinobot_messages/CMakeFiles/CMakeOutput.log".
[1.670s] gmake: *** [Makefile:226: cmake_check_build_system] Error 1
[1.675s] Invoked command in '/home/atul/arduinobot_ws/build/arduinobot_messages' returned '2': CMAKE_PREFIX_PATH=${CMAKE_PREFIX_PATH}:/home/atul/arduinobot_ws/install/arduinobot_py_examples:/opt/ros/humble WSLENV=ELECTRON_RUN_AS_NODE/w: /usr/bin/cmake --build /home/atul/arduinobot_ws/build/arduinobot_messages -- -j12 -l12
