[0.062s] Invoking command in '/home/atul/arduinobot_ws/build/arduinobot_description': /usr/bin/cmake --build /home/atul/arduinobot_ws/build/arduinobot_description -- -j12 -l12
[0.187s] -- Found ament_cmake: 1.3.9 (/opt/ros/humble/share/ament_cmake/cmake)
[0.473s] Traceback (most recent call last):
[0.473s]   File "/opt/ros/humble/share/ament_cmake_core/cmake/package_templates/templates_2_cmake.py", line 21, in <module>
[0.473s]     from ament_package.templates import get_environment_hook_template_path
[0.473s] ModuleNotFoundError: No module named 'ament_package'
[0.493s] [31mCMake Error at /opt/ros/humble/share/ament_cmake_core/cmake/ament_cmake_package_templates-extras.cmake:41 (message):
[0.494s]   execute_process(/usr/bin/python3
[0.494s]   /opt/ros/humble/share/ament_cmake_core/cmake/package_templates/templates_2_cmake.py
[0.494s]   /home/atul/arduinobot_ws/build/arduinobot_description/ament_cmake_package_templates/templates.cmake)
[0.494s]   returned error code 1
[0.494s] Call Stack (most recent call first):
[0.495s]   /opt/ros/humble/share/ament_cmake_core/cmake/ament_cmake_coreConfig.cmake:41 (include)
[0.495s]   /opt/ros/humble/share/ament_cmake/cmake/ament_cmake_export_dependencies-extras.cmake:15 (find_package)
[0.495s]   /opt/ros/humble/share/ament_cmake/cmake/ament_cmakeConfig.cmake:41 (include)
[0.496s]   CMakeLists.txt:5 (find_package)
[0.496s] 
[0.496s] [0m
[0.496s] -- Configuring incomplete, errors occurred!
[0.496s] See also "/home/atul/arduinobot_ws/build/arduinobot_description/CMakeFiles/CMakeOutput.log".
[0.499s] gmake: *** [Makefile:226: cmake_check_build_system] Error 1
[0.502s] Invoked command in '/home/atul/arduinobot_ws/build/arduinobot_description' returned '2': /usr/bin/cmake --build /home/atul/arduinobot_ws/build/arduinobot_description -- -j12 -l12
